2025-03-04 12:34:07,158 - ufc_model - INFO - Starting data preprocessing
2025-03-04 12:34:07,173 - ufc_model - INFO - Preprocessed data shape: (6012, 140)
2025-03-04 12:34:07,173 - ufc_model - INFO - Using device: cpu
2025-03-04 12:34:07,174 - ufc_model - INFO - Preparing data for training
2025-03-04 12:34:07,190 - ufc_model - INFO - Data split: Train: 4208, Validation: 902, Test: 902
2025-03-04 12:34:07,227 - ufc_model - INFO - Model initialized with input size: 139
2025-03-04 12:34:07,228 - ufc_model - INFO - Model architecture:
FightPredictor(
  (layer1): Linear(in_features=139, out_features=128, bias=True)
  (bn1): BatchNorm1d(128, eps=1e-05, momentum=0.1, affine=True, track_running_stats=True)
  (layer2): Linear(in_features=128, out_features=64, bias=True)
  (bn2): BatchNorm1d(64, eps=1e-05, momentum=0.1, affine=True, track_running_stats=True)
  (layer3): Linear(in_features=64, out_features=32, bias=True)
  (bn3): BatchNorm1d(32, eps=1e-05, momentum=0.1, affine=True, track_running_stats=True)
  (output): Linear(in_features=32, out_features=1, bias=True)
  (relu): ReLU()
  (dropout): Dropout(p=0.3, inplace=False)
  (sigmoid): Sigmoid()
)
2025-03-04 12:34:07,228 - ufc_model - INFO - Starting training for 400 epochs
2025-03-04 12:34:07,764 - ufc_model - INFO - Epoch 1/400, Train Loss: 0.6744, Val Loss: 0.6315, Val Accuracy: 0.6386, Val Precision: 0.6972, Val Recall: 0.8023, Val F1: 0.7461, Val AUC: 0.6493, LR: 0.000500
2025-03-04 12:34:07,767 - ufc_model - INFO - Saved best model with validation loss: 0.6315
2025-03-04 12:34:08,229 - ufc_model - INFO - Epoch 2/400, Train Loss: 0.6083, Val Loss: 0.6085, Val Accuracy: 0.6452, Val Precision: 0.6864, Val Recall: 0.8543, Val F1: 0.7612, Val AUC: 0.6600, LR: 0.000500
2025-03-04 12:34:08,230 - ufc_model - INFO - Saved best model with validation loss: 0.6085
2025-03-04 12:34:08,662 - ufc_model - INFO - Epoch 3/400, Train Loss: 0.5895, Val Loss: 0.6021, Val Accuracy: 0.6630, Val Precision: 0.7021, Val Recall: 0.8526, Val F1: 0.7700, Val AUC: 0.6649, LR: 0.000500
2025-03-04 12:34:08,664 - ufc_model - INFO - Saved best model with validation loss: 0.6021
2025-03-04 12:34:09,083 - ufc_model - INFO - Epoch 4/400, Train Loss: 0.5815, Val Loss: 0.5985, Val Accuracy: 0.6596, Val Precision: 0.6981, Val Recall: 0.8559, Val F1: 0.7690, Val AUC: 0.6660, LR: 0.000500
2025-03-04 12:34:09,084 - ufc_model - INFO - Saved best model with validation loss: 0.5985
2025-03-04 12:34:09,516 - ufc_model - INFO - Epoch 5/400, Train Loss: 0.5766, Val Loss: 0.5977, Val Accuracy: 0.6530, Val Precision: 0.7000, Val Recall: 0.8325, Val F1: 0.7605, Val AUC: 0.6677, LR: 0.000500
2025-03-04 12:34:09,517 - ufc_model - INFO - Saved best model with validation loss: 0.5977
2025-03-04 12:34:09,947 - ufc_model - INFO - Epoch 6/400, Train Loss: 0.5677, Val Loss: 0.5949, Val Accuracy: 0.6718, Val Precision: 0.7270, Val Recall: 0.8074, Val F1: 0.7651, Val AUC: 0.6786, LR: 0.000500
2025-03-04 12:34:09,948 - ufc_model - INFO - Saved best model with validation loss: 0.5949
2025-03-04 12:34:10,366 - ufc_model - INFO - Epoch 7/400, Train Loss: 0.5642, Val Loss: 0.5906, Val Accuracy: 0.6674, Val Precision: 0.7054, Val Recall: 0.8543, Val F1: 0.7727, Val AUC: 0.6812, LR: 0.000500
2025-03-04 12:34:10,367 - ufc_model - INFO - Saved best model with validation loss: 0.5906
2025-03-04 12:34:10,788 - ufc_model - INFO - Epoch 8/400, Train Loss: 0.5594, Val Loss: 0.5912, Val Accuracy: 0.6652, Val Precision: 0.7231, Val Recall: 0.8007, Val F1: 0.7599, Val AUC: 0.6820, LR: 0.000500
2025-03-04 12:34:11,207 - ufc_model - INFO - Epoch 9/400, Train Loss: 0.5512, Val Loss: 0.5962, Val Accuracy: 0.6674, Val Precision: 0.7155, Val Recall: 0.8258, Val F1: 0.7667, Val AUC: 0.6811, LR: 0.000500
2025-03-04 12:34:11,632 - ufc_model - INFO - Epoch 10/400, Train Loss: 0.5514, Val Loss: 0.5898, Val Accuracy: 0.6641, Val Precision: 0.7143, Val Recall: 0.8208, Val F1: 0.7638, Val AUC: 0.6820, LR: 0.000500
2025-03-04 12:34:11,633 - ufc_model - INFO - Saved best model with validation loss: 0.5898
2025-03-04 12:34:12,050 - ufc_model - INFO - Epoch 11/400, Train Loss: 0.5533, Val Loss: 0.5922, Val Accuracy: 0.6718, Val Precision: 0.7147, Val Recall: 0.8392, Val F1: 0.7720, Val AUC: 0.6840, LR: 0.000500
2025-03-04 12:34:12,470 - ufc_model - INFO - Epoch 12/400, Train Loss: 0.5386, Val Loss: 0.5909, Val Accuracy: 0.6696, Val Precision: 0.7139, Val Recall: 0.8358, Val F1: 0.7701, Val AUC: 0.6830, LR: 0.000500
2025-03-04 12:34:12,913 - ufc_model - INFO - Epoch 13/400, Train Loss: 0.5376, Val Loss: 0.5909, Val Accuracy: 0.6696, Val Precision: 0.7221, Val Recall: 0.8141, Val F1: 0.7654, Val AUC: 0.6850, LR: 0.000500
2025-03-04 12:34:13,342 - ufc_model - INFO - Epoch 14/400, Train Loss: 0.5304, Val Loss: 0.5935, Val Accuracy: 0.6552, Val Precision: 0.7241, Val Recall: 0.7739, Val F1: 0.7482, Val AUC: 0.6862, LR: 0.000250
2025-03-04 12:34:13,770 - ufc_model - INFO - Epoch 15/400, Train Loss: 0.5160, Val Loss: 0.5991, Val Accuracy: 0.6619, Val Precision: 0.7267, Val Recall: 0.7839, Val F1: 0.7542, Val AUC: 0.6812, LR: 0.000250
2025-03-04 12:34:14,193 - ufc_model - INFO - Epoch 16/400, Train Loss: 0.5161, Val Loss: 0.5990, Val Accuracy: 0.6497, Val Precision: 0.7152, Val Recall: 0.7822, Val F1: 0.7472, Val AUC: 0.6828, LR: 0.000250
2025-03-04 12:34:14,621 - ufc_model - INFO - Epoch 17/400, Train Loss: 0.5088, Val Loss: 0.6019, Val Accuracy: 0.6486, Val Precision: 0.7188, Val Recall: 0.7705, Val F1: 0.7437, Val AUC: 0.6791, LR: 0.000250
2025-03-04 12:34:15,045 - ufc_model - INFO - Epoch 18/400, Train Loss: 0.5074, Val Loss: 0.6048, Val Accuracy: 0.6585, Val Precision: 0.7247, Val Recall: 0.7806, Val F1: 0.7516, Val AUC: 0.6796, LR: 0.000125
2025-03-04 12:34:15,468 - ufc_model - INFO - Epoch 19/400, Train Loss: 0.5036, Val Loss: 0.6046, Val Accuracy: 0.6552, Val Precision: 0.7227, Val Recall: 0.7772, Val F1: 0.7490, Val AUC: 0.6832, LR: 0.000125
2025-03-04 12:34:15,889 - ufc_model - INFO - Epoch 20/400, Train Loss: 0.4965, Val Loss: 0.6041, Val Accuracy: 0.6530, Val Precision: 0.7254, Val Recall: 0.7655, Val F1: 0.7449, Val AUC: 0.6837, LR: 0.000125
2025-03-04 12:34:15,889 - ufc_model - INFO - Early stopping triggered after 20 epochs
2025-03-04 12:34:15,946 - ufc_model - INFO - Test evaluation: {'accuracy': 0.6807095343680709, 'precision': 0.7203994293865906, 'recall': 0.8458961474036851, 'f1': 0.778120184899846, 'auc': 0.6933080704066781}
2025-03-04 12:34:15,946 - ufc_model - INFO - Computing feature importance
2025-03-04 12:34:18,094 - ufc_model - INFO - Feature importance plot saved to C:\Users\mo100\Desktop\UFC-FIGHTPREDICTOR\backend\data\feature_importance.png
2025-03-04 12:34:18,098 - ufc_model - INFO - Final model saved to C:\Users\mo100\Desktop\UFC-FIGHTPREDICTOR\backend\data\fight_predictor_model.pth
2025-03-04 12:34:18,111 - werkzeug - INFO - [31m[1mWARNING: This is a development server. Do not use it in a production deployment. Use a production WSGI server instead.[0m
 * Running on http://127.0.0.1:5000
2025-03-04 12:34:18,112 - werkzeug - INFO - [33mPress CTRL+C to quit[0m
2025-03-04 12:34:35,034 - main - ERROR - Exception on / [GET]
Traceback (most recent call last):
  File "C:\Users\mo100\Desktop\UFC-FIGHTPREDICTOR\backend\venv\Lib\site-packages\flask\app.py", line 2190, in wsgi_app
    response = self.full_dispatch_request()
               ^^^^^^^^^^^^^^^^^^^^^^^^^^^^
  File "C:\Users\mo100\Desktop\UFC-FIGHTPREDICTOR\backend\venv\Lib\site-packages\flask\app.py", line 1486, in full_dispatch_request
    rv = self.handle_user_exception(e)
         ^^^^^^^^^^^^^^^^^^^^^^^^^^^^^
  File "C:\Users\mo100\Desktop\UFC-FIGHTPREDICTOR\backend\venv\Lib\site-packages\flask_cors\extension.py", line 176, in wrapped_function
    return cors_after_request(app.make_response(f(*args, **kwargs)))
                                                ^^^^^^^^^^^^^^^^^^
  File "C:\Users\mo100\Desktop\UFC-FIGHTPREDICTOR\backend\venv\Lib\site-packages\flask\app.py", line 1484, in full_dispatch_request
    rv = self.dispatch_request()
         ^^^^^^^^^^^^^^^^^^^^^^^
  File "C:\Users\mo100\Desktop\UFC-FIGHTPREDICTOR\backend\venv\Lib\site-packages\flask\app.py", line 1469, in dispatch_request
    return self.ensure_sync(self.view_functions[rule.endpoint])(**view_args)
           ^^^^^^^^^^^^^^^^^^^^^^^^^^^^^^^^^^^^^^^^^^^^^^^^^^^^^^^^^^^^^^^^^
  File "C:\Users\mo100\Desktop\UFC-FIGHTPREDICTOR\backend\main.py", line 357, in index
    return render_template('index.html')
           ^^^^^^^^^^^^^^^^^^^^^^^^^^^^^
  File "C:\Users\mo100\Desktop\UFC-FIGHTPREDICTOR\backend\venv\Lib\site-packages\flask\templating.py", line 150, in render_template
    template = app.jinja_env.get_or_select_template(template_name_or_list)
               ^^^^^^^^^^^^^^^^^^^^^^^^^^^^^^^^^^^^^^^^^^^^^^^^^^^^^^^^^^^
  File "C:\Users\mo100\Desktop\UFC-FIGHTPREDICTOR\backend\venv\Lib\site-packages\jinja2\environment.py", line 1087, in get_or_select_template
    return self.get_template(template_name_or_list, parent, globals)
           ^^^^^^^^^^^^^^^^^^^^^^^^^^^^^^^^^^^^^^^^^^^^^^^^^^^^^^^^^
  File "C:\Users\mo100\Desktop\UFC-FIGHTPREDICTOR\backend\venv\Lib\site-packages\jinja2\environment.py", line 1016, in get_template
    return self._load_template(name, globals)
           ^^^^^^^^^^^^^^^^^^^^^^^^^^^^^^^^^^
  File "C:\Users\mo100\Desktop\UFC-FIGHTPREDICTOR\backend\venv\Lib\site-packages\jinja2\environment.py", line 975, in _load_template
    template = self.loader.load(self, name, self.make_globals(globals))
               ^^^^^^^^^^^^^^^^^^^^^^^^^^^^^^^^^^^^^^^^^^^^^^^^^^^^^^^^
  File "C:\Users\mo100\Desktop\UFC-FIGHTPREDICTOR\backend\venv\Lib\site-packages\jinja2\loaders.py", line 126, in load
    source, filename, uptodate = self.get_source(environment, name)
                                 ^^^^^^^^^^^^^^^^^^^^^^^^^^^^^^^^^^
  File "C:\Users\mo100\Desktop\UFC-FIGHTPREDICTOR\backend\venv\Lib\site-packages\flask\templating.py", line 64, in get_source
    return self._get_source_fast(environment, template)
           ^^^^^^^^^^^^^^^^^^^^^^^^^^^^^^^^^^^^^^^^^^^^
  File "C:\Users\mo100\Desktop\UFC-FIGHTPREDICTOR\backend\venv\Lib\site-packages\flask\templating.py", line 98, in _get_source_fast
    raise TemplateNotFound(template)
jinja2.exceptions.TemplateNotFound: index.html
2025-03-04 12:34:35,118 - werkzeug - INFO - 127.0.0.1 - - [04/Mar/2025 12:34:35] "[35m[1mGET / HTTP/1.1[0m" 500 -
2025-03-04 12:34:37,810 - main - ERROR - Exception on / [GET]
Traceback (most recent call last):
  File "C:\Users\mo100\Desktop\UFC-FIGHTPREDICTOR\backend\venv\Lib\site-packages\flask\app.py", line 2190, in wsgi_app
    response = self.full_dispatch_request()
               ^^^^^^^^^^^^^^^^^^^^^^^^^^^^
  File "C:\Users\mo100\Desktop\UFC-FIGHTPREDICTOR\backend\venv\Lib\site-packages\flask\app.py", line 1486, in full_dispatch_request
    rv = self.handle_user_exception(e)
         ^^^^^^^^^^^^^^^^^^^^^^^^^^^^^
  File "C:\Users\mo100\Desktop\UFC-FIGHTPREDICTOR\backend\venv\Lib\site-packages\flask_cors\extension.py", line 176, in wrapped_function
    return cors_after_request(app.make_response(f(*args, **kwargs)))
                                                ^^^^^^^^^^^^^^^^^^
  File "C:\Users\mo100\Desktop\UFC-FIGHTPREDICTOR\backend\venv\Lib\site-packages\flask\app.py", line 1484, in full_dispatch_request
    rv = self.dispatch_request()
         ^^^^^^^^^^^^^^^^^^^^^^^
  File "C:\Users\mo100\Desktop\UFC-FIGHTPREDICTOR\backend\venv\Lib\site-packages\flask\app.py", line 1469, in dispatch_request
    return self.ensure_sync(self.view_functions[rule.endpoint])(**view_args)
           ^^^^^^^^^^^^^^^^^^^^^^^^^^^^^^^^^^^^^^^^^^^^^^^^^^^^^^^^^^^^^^^^^
  File "C:\Users\mo100\Desktop\UFC-FIGHTPREDICTOR\backend\main.py", line 357, in index
    return render_template('index.html')
           ^^^^^^^^^^^^^^^^^^^^^^^^^^^^^
  File "C:\Users\mo100\Desktop\UFC-FIGHTPREDICTOR\backend\venv\Lib\site-packages\flask\templating.py", line 150, in render_template
    template = app.jinja_env.get_or_select_template(template_name_or_list)
               ^^^^^^^^^^^^^^^^^^^^^^^^^^^^^^^^^^^^^^^^^^^^^^^^^^^^^^^^^^^
  File "C:\Users\mo100\Desktop\UFC-FIGHTPREDICTOR\backend\venv\Lib\site-packages\jinja2\environment.py", line 1087, in get_or_select_template
    return self.get_template(template_name_or_list, parent, globals)
           ^^^^^^^^^^^^^^^^^^^^^^^^^^^^^^^^^^^^^^^^^^^^^^^^^^^^^^^^^
  File "C:\Users\mo100\Desktop\UFC-FIGHTPREDICTOR\backend\venv\Lib\site-packages\jinja2\environment.py", line 1016, in get_template
    return self._load_template(name, globals)
           ^^^^^^^^^^^^^^^^^^^^^^^^^^^^^^^^^^
  File "C:\Users\mo100\Desktop\UFC-FIGHTPREDICTOR\backend\venv\Lib\site-packages\jinja2\environment.py", line 975, in _load_template
    template = self.loader.load(self, name, self.make_globals(globals))
               ^^^^^^^^^^^^^^^^^^^^^^^^^^^^^^^^^^^^^^^^^^^^^^^^^^^^^^^^
  File "C:\Users\mo100\Desktop\UFC-FIGHTPREDICTOR\backend\venv\Lib\site-packages\jinja2\loaders.py", line 126, in load
    source, filename, uptodate = self.get_source(environment, name)
                                 ^^^^^^^^^^^^^^^^^^^^^^^^^^^^^^^^^^
  File "C:\Users\mo100\Desktop\UFC-FIGHTPREDICTOR\backend\venv\Lib\site-packages\flask\templating.py", line 64, in get_source
    return self._get_source_fast(environment, template)
           ^^^^^^^^^^^^^^^^^^^^^^^^^^^^^^^^^^^^^^^^^^^^
  File "C:\Users\mo100\Desktop\UFC-FIGHTPREDICTOR\backend\venv\Lib\site-packages\flask\templating.py", line 98, in _get_source_fast
    raise TemplateNotFound(template)
jinja2.exceptions.TemplateNotFound: index.html
2025-03-04 12:34:37,811 - werkzeug - INFO - 127.0.0.1 - - [04/Mar/2025 12:34:37] "[35m[1mGET / HTTP/1.1[0m" 500 -
2025-03-04 12:34:38,236 - main - ERROR - Exception on / [GET]
Traceback (most recent call last):
  File "C:\Users\mo100\Desktop\UFC-FIGHTPREDICTOR\backend\venv\Lib\site-packages\flask\app.py", line 2190, in wsgi_app
    response = self.full_dispatch_request()
               ^^^^^^^^^^^^^^^^^^^^^^^^^^^^
  File "C:\Users\mo100\Desktop\UFC-FIGHTPREDICTOR\backend\venv\Lib\site-packages\flask\app.py", line 1486, in full_dispatch_request
    rv = self.handle_user_exception(e)
         ^^^^^^^^^^^^^^^^^^^^^^^^^^^^^
  File "C:\Users\mo100\Desktop\UFC-FIGHTPREDICTOR\backend\venv\Lib\site-packages\flask_cors\extension.py", line 176, in wrapped_function
    return cors_after_request(app.make_response(f(*args, **kwargs)))
                                                ^^^^^^^^^^^^^^^^^^
  File "C:\Users\mo100\Desktop\UFC-FIGHTPREDICTOR\backend\venv\Lib\site-packages\flask\app.py", line 1484, in full_dispatch_request
    rv = self.dispatch_request()
         ^^^^^^^^^^^^^^^^^^^^^^^
  File "C:\Users\mo100\Desktop\UFC-FIGHTPREDICTOR\backend\venv\Lib\site-packages\flask\app.py", line 1469, in dispatch_request
    return self.ensure_sync(self.view_functions[rule.endpoint])(**view_args)
           ^^^^^^^^^^^^^^^^^^^^^^^^^^^^^^^^^^^^^^^^^^^^^^^^^^^^^^^^^^^^^^^^^
  File "C:\Users\mo100\Desktop\UFC-FIGHTPREDICTOR\backend\main.py", line 357, in index
    return render_template('index.html')
           ^^^^^^^^^^^^^^^^^^^^^^^^^^^^^
  File "C:\Users\mo100\Desktop\UFC-FIGHTPREDICTOR\backend\venv\Lib\site-packages\flask\templating.py", line 150, in render_template
    template = app.jinja_env.get_or_select_template(template_name_or_list)
               ^^^^^^^^^^^^^^^^^^^^^^^^^^^^^^^^^^^^^^^^^^^^^^^^^^^^^^^^^^^
  File "C:\Users\mo100\Desktop\UFC-FIGHTPREDICTOR\backend\venv\Lib\site-packages\jinja2\environment.py", line 1087, in get_or_select_template
    return self.get_template(template_name_or_list, parent, globals)
           ^^^^^^^^^^^^^^^^^^^^^^^^^^^^^^^^^^^^^^^^^^^^^^^^^^^^^^^^^
  File "C:\Users\mo100\Desktop\UFC-FIGHTPREDICTOR\backend\venv\Lib\site-packages\jinja2\environment.py", line 1016, in get_template
    return self._load_template(name, globals)
           ^^^^^^^^^^^^^^^^^^^^^^^^^^^^^^^^^^
  File "C:\Users\mo100\Desktop\UFC-FIGHTPREDICTOR\backend\venv\Lib\site-packages\jinja2\environment.py", line 975, in _load_template
    template = self.loader.load(self, name, self.make_globals(globals))
               ^^^^^^^^^^^^^^^^^^^^^^^^^^^^^^^^^^^^^^^^^^^^^^^^^^^^^^^^
  File "C:\Users\mo100\Desktop\UFC-FIGHTPREDICTOR\backend\venv\Lib\site-packages\jinja2\loaders.py", line 126, in load
    source, filename, uptodate = self.get_source(environment, name)
                                 ^^^^^^^^^^^^^^^^^^^^^^^^^^^^^^^^^^
  File "C:\Users\mo100\Desktop\UFC-FIGHTPREDICTOR\backend\venv\Lib\site-packages\flask\templating.py", line 64, in get_source
    return self._get_source_fast(environment, template)
           ^^^^^^^^^^^^^^^^^^^^^^^^^^^^^^^^^^^^^^^^^^^^
  File "C:\Users\mo100\Desktop\UFC-FIGHTPREDICTOR\backend\venv\Lib\site-packages\flask\templating.py", line 98, in _get_source_fast
    raise TemplateNotFound(template)
jinja2.exceptions.TemplateNotFound: index.html
2025-03-04 12:34:38,237 - werkzeug - INFO - 127.0.0.1 - - [04/Mar/2025 12:34:38] "[35m[1mGET / HTTP/1.1[0m" 500 -
2025-03-04 12:34:38,616 - main - ERROR - Exception on / [GET]
Traceback (most recent call last):
  File "C:\Users\mo100\Desktop\UFC-FIGHTPREDICTOR\backend\venv\Lib\site-packages\flask\app.py", line 2190, in wsgi_app
    response = self.full_dispatch_request()
               ^^^^^^^^^^^^^^^^^^^^^^^^^^^^
  File "C:\Users\mo100\Desktop\UFC-FIGHTPREDICTOR\backend\venv\Lib\site-packages\flask\app.py", line 1486, in full_dispatch_request
    rv = self.handle_user_exception(e)
         ^^^^^^^^^^^^^^^^^^^^^^^^^^^^^
  File "C:\Users\mo100\Desktop\UFC-FIGHTPREDICTOR\backend\venv\Lib\site-packages\flask_cors\extension.py", line 176, in wrapped_function
    return cors_after_request(app.make_response(f(*args, **kwargs)))
                                                ^^^^^^^^^^^^^^^^^^
  File "C:\Users\mo100\Desktop\UFC-FIGHTPREDICTOR\backend\venv\Lib\site-packages\flask\app.py", line 1484, in full_dispatch_request
    rv = self.dispatch_request()
         ^^^^^^^^^^^^^^^^^^^^^^^
  File "C:\Users\mo100\Desktop\UFC-FIGHTPREDICTOR\backend\venv\Lib\site-packages\flask\app.py", line 1469, in dispatch_request
    return self.ensure_sync(self.view_functions[rule.endpoint])(**view_args)
           ^^^^^^^^^^^^^^^^^^^^^^^^^^^^^^^^^^^^^^^^^^^^^^^^^^^^^^^^^^^^^^^^^
  File "C:\Users\mo100\Desktop\UFC-FIGHTPREDICTOR\backend\main.py", line 357, in index
    return render_template('index.html')
           ^^^^^^^^^^^^^^^^^^^^^^^^^^^^^
  File "C:\Users\mo100\Desktop\UFC-FIGHTPREDICTOR\backend\venv\Lib\site-packages\flask\templating.py", line 150, in render_template
    template = app.jinja_env.get_or_select_template(template_name_or_list)
               ^^^^^^^^^^^^^^^^^^^^^^^^^^^^^^^^^^^^^^^^^^^^^^^^^^^^^^^^^^^
  File "C:\Users\mo100\Desktop\UFC-FIGHTPREDICTOR\backend\venv\Lib\site-packages\jinja2\environment.py", line 1087, in get_or_select_template
    return self.get_template(template_name_or_list, parent, globals)
           ^^^^^^^^^^^^^^^^^^^^^^^^^^^^^^^^^^^^^^^^^^^^^^^^^^^^^^^^^
  File "C:\Users\mo100\Desktop\UFC-FIGHTPREDICTOR\backend\venv\Lib\site-packages\jinja2\environment.py", line 1016, in get_template
    return self._load_template(name, globals)
           ^^^^^^^^^^^^^^^^^^^^^^^^^^^^^^^^^^
  File "C:\Users\mo100\Desktop\UFC-FIGHTPREDICTOR\backend\venv\Lib\site-packages\jinja2\environment.py", line 975, in _load_template
    template = self.loader.load(self, name, self.make_globals(globals))
               ^^^^^^^^^^^^^^^^^^^^^^^^^^^^^^^^^^^^^^^^^^^^^^^^^^^^^^^^
  File "C:\Users\mo100\Desktop\UFC-FIGHTPREDICTOR\backend\venv\Lib\site-packages\jinja2\loaders.py", line 126, in load
    source, filename, uptodate = self.get_source(environment, name)
                                 ^^^^^^^^^^^^^^^^^^^^^^^^^^^^^^^^^^
  File "C:\Users\mo100\Desktop\UFC-FIGHTPREDICTOR\backend\venv\Lib\site-packages\flask\templating.py", line 64, in get_source
    return self._get_source_fast(environment, template)
           ^^^^^^^^^^^^^^^^^^^^^^^^^^^^^^^^^^^^^^^^^^^^
  File "C:\Users\mo100\Desktop\UFC-FIGHTPREDICTOR\backend\venv\Lib\site-packages\flask\templating.py", line 98, in _get_source_fast
    raise TemplateNotFound(template)
jinja2.exceptions.TemplateNotFound: index.html
2025-03-04 12:34:38,618 - werkzeug - INFO - 127.0.0.1 - - [04/Mar/2025 12:34:38] "[35m[1mGET / HTTP/1.1[0m" 500 -
2025-03-04 12:34:38,758 - main - ERROR - Exception on / [GET]
Traceback (most recent call last):
  File "C:\Users\mo100\Desktop\UFC-FIGHTPREDICTOR\backend\venv\Lib\site-packages\flask\app.py", line 2190, in wsgi_app
    response = self.full_dispatch_request()
               ^^^^^^^^^^^^^^^^^^^^^^^^^^^^
  File "C:\Users\mo100\Desktop\UFC-FIGHTPREDICTOR\backend\venv\Lib\site-packages\flask\app.py", line 1486, in full_dispatch_request
    rv = self.handle_user_exception(e)
         ^^^^^^^^^^^^^^^^^^^^^^^^^^^^^
  File "C:\Users\mo100\Desktop\UFC-FIGHTPREDICTOR\backend\venv\Lib\site-packages\flask_cors\extension.py", line 176, in wrapped_function
    return cors_after_request(app.make_response(f(*args, **kwargs)))
                                                ^^^^^^^^^^^^^^^^^^
  File "C:\Users\mo100\Desktop\UFC-FIGHTPREDICTOR\backend\venv\Lib\site-packages\flask\app.py", line 1484, in full_dispatch_request
    rv = self.dispatch_request()
         ^^^^^^^^^^^^^^^^^^^^^^^
  File "C:\Users\mo100\Desktop\UFC-FIGHTPREDICTOR\backend\venv\Lib\site-packages\flask\app.py", line 1469, in dispatch_request
    return self.ensure_sync(self.view_functions[rule.endpoint])(**view_args)
           ^^^^^^^^^^^^^^^^^^^^^^^^^^^^^^^^^^^^^^^^^^^^^^^^^^^^^^^^^^^^^^^^^
  File "C:\Users\mo100\Desktop\UFC-FIGHTPREDICTOR\backend\main.py", line 357, in index
    return render_template('index.html')
           ^^^^^^^^^^^^^^^^^^^^^^^^^^^^^
  File "C:\Users\mo100\Desktop\UFC-FIGHTPREDICTOR\backend\venv\Lib\site-packages\flask\templating.py", line 150, in render_template
    template = app.jinja_env.get_or_select_template(template_name_or_list)
               ^^^^^^^^^^^^^^^^^^^^^^^^^^^^^^^^^^^^^^^^^^^^^^^^^^^^^^^^^^^
  File "C:\Users\mo100\Desktop\UFC-FIGHTPREDICTOR\backend\venv\Lib\site-packages\jinja2\environment.py", line 1087, in get_or_select_template
    return self.get_template(template_name_or_list, parent, globals)
           ^^^^^^^^^^^^^^^^^^^^^^^^^^^^^^^^^^^^^^^^^^^^^^^^^^^^^^^^^
  File "C:\Users\mo100\Desktop\UFC-FIGHTPREDICTOR\backend\venv\Lib\site-packages\jinja2\environment.py", line 1016, in get_template
    return self._load_template(name, globals)
           ^^^^^^^^^^^^^^^^^^^^^^^^^^^^^^^^^^
  File "C:\Users\mo100\Desktop\UFC-FIGHTPREDICTOR\backend\venv\Lib\site-packages\jinja2\environment.py", line 975, in _load_template
    template = self.loader.load(self, name, self.make_globals(globals))
               ^^^^^^^^^^^^^^^^^^^^^^^^^^^^^^^^^^^^^^^^^^^^^^^^^^^^^^^^
  File "C:\Users\mo100\Desktop\UFC-FIGHTPREDICTOR\backend\venv\Lib\site-packages\jinja2\loaders.py", line 126, in load
    source, filename, uptodate = self.get_source(environment, name)
                                 ^^^^^^^^^^^^^^^^^^^^^^^^^^^^^^^^^^
  File "C:\Users\mo100\Desktop\UFC-FIGHTPREDICTOR\backend\venv\Lib\site-packages\flask\templating.py", line 64, in get_source
    return self._get_source_fast(environment, template)
           ^^^^^^^^^^^^^^^^^^^^^^^^^^^^^^^^^^^^^^^^^^^^
  File "C:\Users\mo100\Desktop\UFC-FIGHTPREDICTOR\backend\venv\Lib\site-packages\flask\templating.py", line 98, in _get_source_fast
    raise TemplateNotFound(template)
jinja2.exceptions.TemplateNotFound: index.html
2025-03-04 12:34:38,760 - werkzeug - INFO - 127.0.0.1 - - [04/Mar/2025 12:34:38] "[35m[1mGET / HTTP/1.1[0m" 500 -
2025-03-04 12:34:47,464 - werkzeug - INFO - [31m[1mWARNING: This is a development server. Do not use it in a production deployment. Use a production WSGI server instead.[0m
 * Running on http://127.0.0.1:5000
2025-03-04 12:34:47,464 - werkzeug - INFO - [33mPress CTRL+C to quit[0m
